{"numTotalTestSuites":9,"numPassedTestSuites":9,"numFailedTestSuites":0,"numPendingTestSuites":0,"numTotalTests":19,"numPassedTests":19,"numFailedTests":0,"numPendingTests":0,"numTodoTests":0,"snapshot":{"added":0,"failure":false,"filesAdded":0,"filesRemoved":0,"filesRemovedList":[],"filesUnmatched":0,"filesUpdated":0,"matched":0,"total":0,"unchecked":0,"uncheckedKeysByFile":[],"unmatched":0,"updated":0,"didUpdate":false},"startTime":1758244767501,"success":true,"testResults":[{"assertionResults":[{"ancestorTitles":["StreamOperations","流创建"],"fullName":"StreamOperations 流创建 应该创建可读流","status":"passed","title":"应该创建可读流","duration":7.1040999999968335,"failureMessages":[],"location":{"line":38,"column":5},"meta":{}},{"ancestorTitles":["StreamOperations","流创建"],"fullName":"StreamOperations 流创建 应该创建可写流","status":"passed","title":"应该创建可写流","duration":2.267099999997299,"failureMessages":[],"location":{"line":50,"column":5},"meta":{}},{"ancestorTitles":["StreamOperations","流创建"],"fullName":"StreamOperations 流创建 应该创建转换流","status":"passed","title":"应该创建转换流","duration":3.9028000000107568,"failureMessages":[],"location":{"line":61,"column":5},"meta":{}},{"ancestorTitles":["StreamOperations","流创建"],"fullName":"StreamOperations 流创建 应该支持自定义队列策略","status":"passed","title":"应该支持自定义队列策略","duration":0.7458999999944353,"failureMessages":[],"location":{"line":74,"column":5},"meta":{}},{"ancestorTitles":["StreamOperations","BinaryData与流转换"],"fullName":"StreamOperations BinaryData与流转换 应该将BinaryData转换为流","status":"passed","title":"应该将BinaryData转换为流","duration":4.059699999997974,"failureMessages":[],"location":{"line":95,"column":5},"meta":{}},{"ancestorTitles":["StreamOperations","BinaryData与流转换"],"fullName":"StreamOperations BinaryData与流转换 应该将流转换为BinaryData","status":"passed","title":"应该将流转换为BinaryData","duration":9.9545999999973,"failureMessages":[],"location":{"line":120,"column":5},"meta":{}},{"ancestorTitles":["StreamOperations","BinaryData与流转换"],"fullName":"StreamOperations BinaryData与流转换 应该处理大数据流的内存限制","status":"passed","title":"应该处理大数据流的内存限制","duration":448.9915999999939,"failureMessages":[],"location":{"line":137,"column":5},"meta":{}},{"ancestorTitles":["StreamOperations","BinaryData与流转换"],"fullName":"StreamOperations BinaryData与流转换 应该支持进度回调","status":"passed","title":"应该支持进度回调","duration":8.388800000000629,"failureMessages":[],"location":{"line":157,"column":5},"meta":{}},{"ancestorTitles":["StreamOperations","流管道操作"],"fullName":"StreamOperations 流管道操作 应该支持pipeThrough操作","status":"passed","title":"应该支持pipeThrough操作","duration":24.494700000010198,"failureMessages":[],"location":{"line":176,"column":5},"meta":{}},{"ancestorTitles":["StreamOperations","流管道操作"],"fullName":"StreamOperations 流管道操作 应该支持pipeTo操作","status":"passed","title":"应该支持pipeTo操作","duration":1.8074000000051456,"failureMessages":[],"location":{"line":216,"column":5},"meta":{}},{"ancestorTitles":["StreamOperations","专用转换流"],"fullName":"StreamOperations 专用转换流 应该创建分块转换流","status":"passed","title":"应该创建分块转换流","duration":2.9750999999960186,"failureMessages":[],"location":{"line":243,"column":5},"meta":{}},{"ancestorTitles":["StreamOperations","专用转换流"],"fullName":"StreamOperations 专用转换流 应该创建文本编码转换流","status":"passed","title":"应该创建文本编码转换流","duration":2.4798999999911757,"failureMessages":[],"location":{"line":268,"column":5},"meta":{}},{"ancestorTitles":["StreamOperations","专用转换流"],"fullName":"StreamOperations 专用转换流 应该创建文本解码转换流","status":"passed","title":"应该创建文本解码转换流","duration":2.801899999991292,"failureMessages":[],"location":{"line":299,"column":5},"meta":{}},{"ancestorTitles":["StreamOperations","流统计和监控"],"fullName":"StreamOperations 流统计和监控 应该收集流统计信息","status":"passed","title":"应该收集流统计信息","duration":3.1603999999933876,"failureMessages":[],"location":{"line":332,"column":5},"meta":{}},{"ancestorTitles":["StreamOperations","流统计和监控"],"fullName":"StreamOperations 流统计和监控 应该支持背压控制","status":"passed","title":"应该支持背压控制","duration":4.139899999994668,"failureMessages":[],"location":{"line":360,"column":5},"meta":{}},{"ancestorTitles":["StreamOperations","自定义处理器"],"fullName":"StreamOperations 自定义处理器 应该支持自定义流处理器","status":"passed","title":"应该支持自定义流处理器","duration":3.6074999999982538,"failureMessages":[],"location":{"line":389,"column":5},"meta":{}},{"ancestorTitles":["StreamOperations","自定义处理器"],"fullName":"StreamOperations 自定义处理器 应该处理处理器错误","status":"passed","title":"应该处理处理器错误","duration":6.742899999997462,"failureMessages":[],"location":{"line":426,"column":5},"meta":{}},{"ancestorTitles":["StreamOperations","错误处理"],"fullName":"StreamOperations 错误处理 应该处理流创建错误","status":"passed","title":"应该处理流创建错误","duration":3.402799999996205,"failureMessages":[],"location":{"line":461,"column":5},"meta":{}},{"ancestorTitles":["StreamOperations","错误处理"],"fullName":"StreamOperations 错误处理 应该处理管道操作错误","status":"passed","title":"应该处理管道操作错误","duration":3.3438999999925727,"failureMessages":[],"location":{"line":474,"column":5},"meta":{}}],"startTime":1758244886474,"endTime":1758244887022.344,"status":"passed","message":"","name":"E:/code/project/fucking-react/libs/dom-proxy/src/Stream/__test__/StreamOperations.test.ts"}]}