{"numTotalTestSuites":12,"numPassedTestSuites":9,"numFailedTestSuites":3,"numPendingTestSuites":0,"numTotalTests":19,"numPassedTests":18,"numFailedTests":1,"numPendingTests":0,"numTodoTests":0,"snapshot":{"added":0,"failure":false,"filesAdded":0,"filesRemoved":0,"filesRemovedList":[],"filesUnmatched":0,"filesUpdated":0,"matched":0,"total":0,"unchecked":0,"uncheckedKeysByFile":[],"unmatched":0,"updated":0,"didUpdate":false},"startTime":1758271441638,"success":false,"testResults":[{"assertionResults":[{"ancestorTitles":["CompatibilityManager","单例模式"],"fullName":"CompatibilityManager 单例模式 应该返回相同的实例","status":"passed","title":"应该返回相同的实例","duration":7.826513000000432,"failureMessages":[],"location":{"line":27,"column":5},"meta":{}},{"ancestorTitles":["CompatibilityManager","特性检测"],"fullName":"CompatibilityManager 特性检测 应该检测ReadableStream支持","status":"passed","title":"应该检测ReadableStream支持","duration":4.884070999999949,"failureMessages":[],"location":{"line":35,"column":5},"meta":{}},{"ancestorTitles":["CompatibilityManager","特性检测"],"fullName":"CompatibilityManager 特性检测 应该检测不支持的特性","status":"passed","title":"应该检测不支持的特性","duration":3.353668000000198,"failureMessages":[],"location":{"line":45,"column":5},"meta":{}},{"ancestorTitles":["CompatibilityManager","特性检测"],"fullName":"CompatibilityManager 特性检测 应该获取完整的特性支持情况","status":"passed","title":"应该获取完整的特性支持情况","duration":10.72384699999975,"failureMessages":[],"location":{"line":53,"column":5},"meta":{}},{"ancestorTitles":["CompatibilityManager","浏览器信息检测"],"fullName":"CompatibilityManager 浏览器信息检测 应该获取浏览器信息","status":"passed","title":"应该获取浏览器信息","duration":2.911188999999922,"failureMessages":[],"location":{"line":62,"column":5},"meta":{}},{"ancestorTitles":["CompatibilityManager","浏览器信息检测"],"fullName":"CompatibilityManager 浏览器信息检测 应该检测环境信息","status":"passed","title":"应该检测环境信息","duration":4.674367000000075,"failureMessages":[],"location":{"line":71,"column":5},"meta":{}},{"ancestorTitles":["CompatibilityManager","初始化"],"fullName":"CompatibilityManager 初始化 应该成功初始化","status":"passed","title":"应该成功初始化","duration":52.57724300000018,"failureMessages":[],"location":{"line":81,"column":5},"meta":{}},{"ancestorTitles":["CompatibilityManager","初始化"],"fullName":"CompatibilityManager 初始化 应该支持自定义配置","status":"passed","title":"应该支持自定义配置","duration":9.237775000000056,"failureMessages":[],"location":{"line":86,"column":5},"meta":{}},{"ancestorTitles":["CompatibilityManager","初始化"],"fullName":"CompatibilityManager 初始化 不应该重复初始化","status":"failed","title":"不应该重复初始化","duration":15.769732000000204,"failureMessages":["AssertionError: expected \"warn\" to be called with arguments: [ StringContaining{…} ]\u001b[90m\n\nReceived: \n\n\u001b[39m\u001b[90m\n\nNumber of calls: \u001b[1m0\u001b[22m\n\u001b[39m\n    at Proxy.<anonymous> (file:///Users/huangsq/project/fe-project/notes/fucking-react/node_modules/.pnpm/@vitest+expect@2.1.5/node_modules/@vitest/expect/dist/index.js:1465:13)\n    at Proxy.<anonymous> (file:///Users/huangsq/project/fe-project/notes/fucking-react/node_modules/.pnpm/@vitest+expect@2.1.5/node_modules/@vitest/expect/dist/index.js:972:17)\n    at Proxy.methodWrapper (file:///Users/huangsq/project/fe-project/notes/fucking-react/node_modules/.pnpm/chai@5.2.1/node_modules/chai/chai.js:1706:25)\n    at /Users/huangsq/project/fe-project/notes/fucking-react/libs/dom-proxy/src/Stream/__test__/CompatibilityManager.test.ts:101:26\n    at file:///Users/huangsq/project/fe-project/notes/fucking-react/node_modules/.pnpm/@vitest+runner@2.1.5/node_modules/@vitest/runner/dist/index.js:533:5\n    at runTest (file:///Users/huangsq/project/fe-project/notes/fucking-react/node_modules/.pnpm/@vitest+runner@2.1.5/node_modules/@vitest/runner/dist/index.js:1056:11)\n    at runSuite (file:///Users/huangsq/project/fe-project/notes/fucking-react/node_modules/.pnpm/@vitest+runner@2.1.5/node_modules/@vitest/runner/dist/index.js:1205:15)\n    at runSuite (file:///Users/huangsq/project/fe-project/notes/fucking-react/node_modules/.pnpm/@vitest+runner@2.1.5/node_modules/@vitest/runner/dist/index.js:1205:15)\n    at runSuite (file:///Users/huangsq/project/fe-project/notes/fucking-react/node_modules/.pnpm/@vitest+runner@2.1.5/node_modules/@vitest/runner/dist/index.js:1205:15)\n    at runFiles (file:///Users/huangsq/project/fe-project/notes/fucking-react/node_modules/.pnpm/@vitest+runner@2.1.5/node_modules/@vitest/runner/dist/index.js:1262:5)"],"location":{"line":96,"column":5},"meta":{}},{"ancestorTitles":["CompatibilityManager","降级策略"],"fullName":"CompatibilityManager 降级策略 应该获取降级策略","status":"passed","title":"应该获取降级策略","duration":5.288150999999743,"failureMessages":[],"location":{"line":110,"column":5},"meta":{}},{"ancestorTitles":["CompatibilityManager","降级策略"],"fullName":"CompatibilityManager 降级策略 应该执行polyfill降级策略","status":"passed","title":"应该执行polyfill降级策略","duration":6.664816999999857,"failureMessages":[],"location":{"line":115,"column":5},"meta":{}},{"ancestorTitles":["CompatibilityManager","降级策略"],"fullName":"CompatibilityManager 降级策略 应该执行alternative降级策略","status":"passed","title":"应该执行alternative降级策略","duration":3.921951999999692,"failureMessages":[],"location":{"line":129,"column":5},"meta":{}},{"ancestorTitles":["CompatibilityManager","降级策略"],"fullName":"CompatibilityManager 降级策略 应该抛出兼容性错误","status":"passed","title":"应该抛出兼容性错误","duration":6.52736300000015,"failureMessages":[],"location":{"line":143,"column":5},"meta":{}},{"ancestorTitles":["CompatibilityManager","兼容性检查"],"fullName":"CompatibilityManager 兼容性检查 应该生成兼容性检查结果","status":"passed","title":"应该生成兼容性检查结果","duration":8.114353999999821,"failureMessages":[],"location":{"line":159,"column":5},"meta":{}},{"ancestorTitles":["CompatibilityManager","兼容性检查"],"fullName":"CompatibilityManager 兼容性检查 应该生成兼容性报告","status":"passed","title":"应该生成兼容性报告","duration":7.4380630000000565,"failureMessages":[],"location":{"line":175,"column":5},"meta":{}},{"ancestorTitles":["CompatibilityManager","配置管理"],"fullName":"CompatibilityManager 配置管理 应该更新配置","status":"passed","title":"应该更新配置","duration":5.590124000000287,"failureMessages":[],"location":{"line":190,"column":5},"meta":{}},{"ancestorTitles":["CompatibilityManager","polyfill管理"],"fullName":"CompatibilityManager polyfill管理 应该获取polyfill加载器","status":"passed","title":"应该获取polyfill加载器","duration":4.812636999999995,"failureMessages":[],"location":{"line":204,"column":5},"meta":{}},{"ancestorTitles":["CompatibilityManager","重置功能"],"fullName":"CompatibilityManager 重置功能 应该重置管理器状态","status":"passed","title":"应该重置管理器状态","duration":13.020324999999957,"failureMessages":[],"location":{"line":212,"column":5},"meta":{}},{"ancestorTitles":["CompatibilityManager","错误处理"],"fullName":"CompatibilityManager 错误处理 应该处理初始化错误","status":"passed","title":"应该处理初始化错误","duration":3.604280999999901,"failureMessages":[],"location":{"line":222,"column":5},"meta":{}}],"startTime":1758271443147,"endTime":1758271443333.6042,"status":"failed","message":"","name":"/Users/huangsq/project/fe-project/notes/fucking-react/libs/dom-proxy/src/Stream/__test__/CompatibilityManager.test.ts"}]}